[2022-12-04 14:54:22.352] [info] Using configuration file /home/younix/.config/waybar/config.jsonc
[2022-12-04 14:54:22.353] [info] Using CSS file /home/younix/.config/waybar/style.css
[2022-12-04 14:54:22.402] [warning] module sway/workspaces: Disabling module "sway/workspaces", Socket path is empty
[2022-12-04 14:54:22.402] [warning] As using a timezone, some format args may be missing as the date library haven't got a release since 2018.
[2022-12-04 14:54:22.514] [info] Bar configured (width: 1920, height: 34) for output: eDP-1
[2022-12-04 14:55:46.753] [info] Using configuration file /home/younix/.config/waybar/config.jsonc
[2022-12-04 14:55:46.753] [info] Using CSS file /home/younix/.config/waybar/style.css
[2022-12-04 14:55:46.758] [warning] module hyprland/workspaces: Unknown module: hyprland/workspaces
[2022-12-04 14:55:46.759] [warning] As using a timezone, some format args may be missing as the date library haven't got a release since 2018.
[2022-12-04 14:55:46.859] [info] Bar configured (width: 1920, height: 34) for output: eDP-1
[2022-12-04 14:57:43.974] [info] Using configuration file /home/younix/.config/waybar/config.jsonc
[2022-12-04 14:57:43.974] [info] Using CSS file /home/younix/.config/waybar/style.css
[2022-12-04 14:57:43.979] [warning] module wlr/workspaces: Unknown module: wlr/workspaces
[2022-12-04 14:57:43.979] [warning] As using a timezone, some format args may be missing as the date library haven't got a release since 2018.
[2022-12-04 14:57:44.050] [info] Bar configured (width: 1920, height: 34) for output: eDP-1
[2022-12-04 15:06:13.362] [info] Using configuration file /home/younix/.config/waybar/config.jsonc
[2022-12-04 15:06:13.362] [info] Using CSS file /home/younix/.config/waybar/style.css
[2022-12-04 15:06:13.368] [warning] As using a timezone, some format args may be missing as the date library haven't got a release since 2018.
[2022-12-04 15:06:13.503] [info] Bar configured (width: 1920, height: 44) for output: eDP-1
[2022-12-04 15:07:33.868] [info] Using configuration file /home/younix/.config/waybar/config.jsonc
[2022-12-04 15:07:33.868] [info] Using CSS file /home/younix/.config/waybar/style.css
[2022-12-04 15:07:33.873] [warning] As using a timezone, some format args may be missing as the date library haven't got a release since 2018.
[2022-12-04 15:07:33.946] [info] Bar configured (width: 1920, height: 43) for output: eDP-1
[2022-12-04 15:07:56.433] [info] Using configuration file /home/younix/.config/waybar/config.jsonc
[2022-12-04 15:07:56.433] [info] Using CSS file /home/younix/.config/waybar/style.css
[2022-12-04 15:07:56.440] [warning] As using a timezone, some format args may be missing as the date library haven't got a release since 2018.
[2022-12-04 15:07:56.511] [info] Bar configured (width: 1920, height: 43) for output: eDP-1
Simple mixer control 'Master',0
  Capabilities: pvolume pswitch pswitch-joined
  Playback channels: Front Left - Front Right
  Limits: Playback 0 - 65536
  Mono:
  Front Left: Playback 0 [0%] [on]
  Front Right: Playback 0 [0%] [on]
Simple mixer control 'Master',0
  Capabilities: pvolume pswitch pswitch-joined
  Playback channels: Front Left - Front Right
  Limits: Playback 0 - 65536
  Mono:
  Front Left: Playback 0 [0%] [off]
  Front Right: Playback 0 [0%] [off]
Updated device 'intel_backlight':
Device 'intel_backlight' of class 'backlight':
	Current brightness: 60000 (100%)
	Max brightness: 60000

Updated device 'intel_backlight':
Device 'intel_backlight' of class 'backlight':
	Current brightness: 60000 (100%)
	Max brightness: 60000

Updated device 'intel_backlight':
Device 'intel_backlight' of class 'backlight':
	Current brightness: 60000 (100%)
	Max brightness: 60000

Updated device 'intel_backlight':
Device 'intel_backlight' of class 'backlight':
	Current brightness: 60000 (100%)
	Max brightness: 60000

Updated device 'intel_backlight':
Device 'intel_backlight' of class 'backlight':
	Current brightness: 60000 (100%)
	Max brightness: 60000

Updated device 'intel_backlight':
Device 'intel_backlight' of class 'backlight':
	Current brightness: 60000 (100%)
	Max brightness: 60000

Updated device 'intel_backlight':
Device 'intel_backlight' of class 'backlight':
	Current brightness: 60000 (100%)
	Max brightness: 60000

Updated device 'intel_backlight':
Device 'intel_backlight' of class 'backlight':
	Current brightness: 60000 (100%)
	Max brightness: 60000

Updated device 'intel_backlight':
Device 'intel_backlight' of class 'backlight':
	Current brightness: 60000 (100%)
	Max brightness: 60000

Updated device 'intel_backlight':
Device 'intel_backlight' of class 'backlight':
	Current brightness: 60000 (100%)
	Max brightness: 60000

Updated device 'intel_backlight':
Device 'intel_backlight' of class 'backlight':
	Current brightness: 60000 (100%)
	Max brightness: 60000

Updated device 'intel_backlight':
Device 'intel_backlight' of class 'backlight':
	Current brightness: 60000 (100%)
	Max brightness: 60000

Updated device 'intel_backlight':
Device 'intel_backlight' of class 'backlight':
	Current brightness: 60000 (100%)
	Max brightness: 60000

Updated device 'intel_backlight':
Device 'intel_backlight' of class 'backlight':
	Current brightness: 60000 (100%)
	Max brightness: 60000

Updated device 'intel_backlight':
Device 'intel_backlight' of class 'backlight':
	Current brightness: 60000 (100%)
	Max brightness: 60000

Updated device 'intel_backlight':
Device 'intel_backlight' of class 'backlight':
	Current brightness: 60000 (100%)
	Max brightness: 60000

Updated device 'intel_backlight':
Device 'intel_backlight' of class 'backlight':
	Current brightness: 60000 (100%)
	Max brightness: 60000

Updated device 'intel_backlight':
Device 'intel_backlight' of class 'backlight':
	Current brightness: 60000 (100%)
	Max brightness: 60000

Updated device 'intel_backlight':
Device 'intel_backlight' of class 'backlight':
	Current brightness: 60000 (100%)
	Max brightness: 60000

Updated device 'intel_backlight':
Device 'intel_backlight' of class 'backlight':
	Current brightness: 60000 (100%)
	Max brightness: 60000

Updated device 'intel_backlight':
Device 'intel_backlight' of class 'backlight':
	Current brightness: 60000 (100%)
	Max brightness: 60000

Updated device 'intel_backlight':
Device 'intel_backlight' of class 'backlight':
	Current brightness: 60000 (100%)
	Max brightness: 60000

Updated device 'intel_backlight':
Device 'intel_backlight' of class 'backlight':
	Current brightness: 60000 (100%)
	Max brightness: 60000

Updated device 'intel_backlight':
Device 'intel_backlight' of class 'backlight':
	Current brightness: 60000 (100%)
	Max brightness: 60000

Updated device 'intel_backlight':
Device 'intel_backlight' of class 'backlight':
	Current brightness: 60000 (100%)
	Max brightness: 60000

Updated device 'intel_backlight':
Device 'intel_backlight' of class 'backlight':
	Current brightness: 60000 (100%)
	Max brightness: 60000

Updated device 'intel_backlight':
Device 'intel_backlight' of class 'backlight':
	Current brightness: 60000 (100%)
	Max brightness: 60000

Updated device 'intel_backlight':
Device 'intel_backlight' of class 'backlight':
	Current brightness: 60000 (100%)
	Max brightness: 60000

Updated device 'intel_backlight':
Device 'intel_backlight' of class 'backlight':
	Current brightness: 60000 (100%)
	Max brightness: 60000

Updated device 'intel_backlight':
Device 'intel_backlight' of class 'backlight':
	Current brightness: 60000 (100%)
	Max brightness: 60000

Updated device 'intel_backlight':
Device 'intel_backlight' of class 'backlight':
	Current brightness: 60000 (100%)
	Max brightness: 60000

Updated device 'intel_backlight':
Device 'intel_backlight' of class 'backlight':
	Current brightness: 60000 (100%)
	Max brightness: 60000

Updated device 'intel_backlight':
Device 'intel_backlight' of class 'backlight':
	Current brightness: 60000 (100%)
	Max brightness: 60000

Updated device 'intel_backlight':
Device 'intel_backlight' of class 'backlight':
	Current brightness: 60000 (100%)
	Max brightness: 60000

Updated device 'intel_backlight':
Device 'intel_backlight' of class 'backlight':
	Current brightness: 60000 (100%)
	Max brightness: 60000

Updated device 'intel_backlight':
Device 'intel_backlight' of class 'backlight':
	Current brightness: 60000 (100%)
	Max brightness: 60000

Updated device 'intel_backlight':
Device 'intel_backlight' of class 'backlight':
	Current brightness: 60000 (100%)
	Max brightness: 60000

Updated device 'intel_backlight':
Device 'intel_backlight' of class 'backlight':
	Current brightness: 60000 (100%)
	Max brightness: 60000

Updated device 'intel_backlight':
Device 'intel_backlight' of class 'backlight':
	Current brightness: 60000 (100%)
	Max brightness: 60000

Updated device 'intel_backlight':
Device 'intel_backlight' of class 'backlight':
	Current brightness: 60000 (100%)
	Max brightness: 60000

Updated device 'intel_backlight':
Device 'intel_backlight' of class 'backlight':
	Current brightness: 60000 (100%)
	Max brightness: 60000

Updated device 'intel_backlight':
Device 'intel_backlight' of class 'backlight':
	Current brightness: 60000 (100%)
	Max brightness: 60000

Updated device 'intel_backlight':
Device 'intel_backlight' of class 'backlight':
	Current brightness: 60000 (100%)
	Max brightness: 60000

Updated device 'intel_backlight':
Device 'intel_backlight' of class 'backlight':
	Current brightness: 60000 (100%)
	Max brightness: 60000

Updated device 'intel_backlight':
Device 'intel_backlight' of class 'backlight':
	Current brightness: 59400 (99%)
	Max brightness: 60000

Updated device 'intel_backlight':
Device 'intel_backlight' of class 'backlight':
	Current brightness: 58800 (98%)
	Max brightness: 60000

Updated device 'intel_backlight':
Device 'intel_backlight' of class 'backlight':
	Current brightness: 58200 (97%)
	Max brightness: 60000

Updated device 'intel_backlight':
Device 'intel_backlight' of class 'backlight':
	Current brightness: 57600 (96%)
	Max brightness: 60000

Updated device 'intel_backlight':
Device 'intel_backlight' of class 'backlight':
	Current brightness: 57600 (96%)
	Max brightness: 60000

Updated device 'intel_backlight':
Device 'intel_backlight' of class 'backlight':
	Current brightness: 57000 (95%)
	Max brightness: 60000

Updated device 'intel_backlight':
Device 'intel_backlight' of class 'backlight':
	Current brightness: 57000 (95%)
	Max brightness: 60000

Updated device 'intel_backlight':
Device 'intel_backlight' of class 'backlight':
	Current brightness: 56400 (94%)
	Max brightness: 60000

Updated device 'intel_backlight':
Device 'intel_backlight' of class 'backlight':
	Current brightness: 55800 (93%)
	Max brightness: 60000

Updated device 'intel_backlight':
Device 'intel_backlight' of class 'backlight':
	Current brightness: 55200 (92%)
	Max brightness: 60000

Updated device 'intel_backlight':
Device 'intel_backlight' of class 'backlight':
	Current brightness: 54600 (91%)
	Max brightness: 60000

Updated device 'intel_backlight':
Device 'intel_backlight' of class 'backlight':
	Current brightness: 54000 (90%)
	Max brightness: 60000

Updated device 'intel_backlight':
Device 'intel_backlight' of class 'backlight':
	Current brightness: 53400 (89%)
	Max brightness: 60000

Updated device 'intel_backlight':
Device 'intel_backlight' of class 'backlight':
	Current brightness: 52800 (88%)
	Max brightness: 60000

Updated device 'intel_backlight':
Device 'intel_backlight' of class 'backlight':
	Current brightness: 52200 (87%)
	Max brightness: 60000

Updated device 'intel_backlight':
Device 'intel_backlight' of class 'backlight':
	Current brightness: 51600 (86%)
	Max brightness: 60000

Updated device 'intel_backlight':
Device 'intel_backlight' of class 'backlight':
	Current brightness: 51000 (85%)
	Max brightness: 60000

Updated device 'intel_backlight':
Device 'intel_backlight' of class 'backlight':
	Current brightness: 50400 (84%)
	Max brightness: 60000

Updated device 'intel_backlight':
Device 'intel_backlight' of class 'backlight':
	Current brightness: 49800 (83%)
	Max brightness: 60000

Updated device 'intel_backlight':
Device 'intel_backlight' of class 'backlight':
	Current brightness: 49200 (82%)
	Max brightness: 60000

Updated device 'intel_backlight':
Device 'intel_backlight' of class 'backlight':
	Current brightness: 48600 (81%)
	Max brightness: 60000

Updated device 'intel_backlight':
Device 'intel_backlight' of class 'backlight':
	Current brightness: 48000 (80%)
	Max brightness: 60000

Updated device 'intel_backlight':
Device 'intel_backlight' of class 'backlight':
	Current brightness: 47400 (79%)
	Max brightness: 60000

Updated device 'intel_backlight':
Device 'intel_backlight' of class 'backlight':
	Current brightness: 46800 (78%)
	Max brightness: 60000

Updated device 'intel_backlight':
Device 'intel_backlight' of class 'backlight':
	Current brightness: 46200 (77%)
	Max brightness: 60000

Updated device 'intel_backlight':
Device 'intel_backlight' of class 'backlight':
	Current brightness: 45600 (76%)
	Max brightness: 60000

Updated device 'intel_backlight':
Device 'intel_backlight' of class 'backlight':
	Current brightness: 45000 (75%)
	Max brightness: 60000

Updated device 'intel_backlight':
Device 'intel_backlight' of class 'backlight':
	Current brightness: 44400 (74%)
	Max brightness: 60000

Updated device 'intel_backlight':
Device 'intel_backlight' of class 'backlight':
	Current brightness: 43800 (73%)
	Max brightness: 60000

Updated device 'intel_backlight':
Device 'intel_backlight' of class 'backlight':
	Current brightness: 43200 (72%)
	Max brightness: 60000

Updated device 'intel_backlight':
Device 'intel_backlight' of class 'backlight':
	Current brightness: 42600 (71%)
	Max brightness: 60000

Updated device 'intel_backlight':
Device 'intel_backlight' of class 'backlight':
	Current brightness: 42000 (70%)
	Max brightness: 60000

Updated device 'intel_backlight':
Device 'intel_backlight' of class 'backlight':
	Current brightness: 42000 (70%)
	Max brightness: 60000

Updated device 'intel_backlight':
Device 'intel_backlight' of class 'backlight':
	Current brightness: 41400 (69%)
	Max brightness: 60000

Updated device 'intel_backlight':
Device 'intel_backlight' of class 'backlight':
	Current brightness: 40800 (68%)
	Max brightness: 60000

Updated device 'intel_backlight':
Device 'intel_backlight' of class 'backlight':
	Current brightness: 40200 (67%)
	Max brightness: 60000

Updated device 'intel_backlight':
Device 'intel_backlight' of class 'backlight':
	Current brightness: 39600 (66%)
	Max brightness: 60000

Updated device 'intel_backlight':
Device 'intel_backlight' of class 'backlight':
	Current brightness: 39000 (65%)
	Max brightness: 60000

Updated device 'intel_backlight':
Device 'intel_backlight' of class 'backlight':
	Current brightness: 38400 (64%)
	Max brightness: 60000

Updated device 'intel_backlight':
Device 'intel_backlight' of class 'backlight':
	Current brightness: 37800 (63%)
	Max brightness: 60000

Updated device 'intel_backlight':
Device 'intel_backlight' of class 'backlight':
	Current brightness: 37200 (62%)
	Max brightness: 60000

Updated device 'intel_backlight':
Device 'intel_backlight' of class 'backlight':
	Current brightness: 36600 (61%)
	Max brightness: 60000

Updated device 'intel_backlight':
Device 'intel_backlight' of class 'backlight':
	Current brightness: 36000 (60%)
	Max brightness: 60000

Updated device 'intel_backlight':
Device 'intel_backlight' of class 'backlight':
	Current brightness: 35400 (59%)
	Max brightness: 60000

Updated device 'intel_backlight':
Device 'intel_backlight' of class 'backlight':
	Current brightness: 34800 (58%)
	Max brightness: 60000

Updated device 'intel_backlight':
Device 'intel_backlight' of class 'backlight':
	Current brightness: 34200 (57%)
	Max brightness: 60000

Updated device 'intel_backlight':
Device 'intel_backlight' of class 'backlight':
	Current brightness: 33600 (56%)
	Max brightness: 60000

Updated device 'intel_backlight':
Device 'intel_backlight' of class 'backlight':
	Current brightness: 33000 (55%)
	Max brightness: 60000

Updated device 'intel_backlight':
Device 'intel_backlight' of class 'backlight':
	Current brightness: 33600 (56%)
	Max brightness: 60000

Updated device 'intel_backlight':
Device 'intel_backlight' of class 'backlight':
	Current brightness: 34200 (57%)
	Max brightness: 60000

Updated device 'intel_backlight':
Device 'intel_backlight' of class 'backlight':
	Current brightness: 34800 (58%)
	Max brightness: 60000

Updated device 'intel_backlight':
Device 'intel_backlight' of class 'backlight':
	Current brightness: 34800 (58%)
	Max brightness: 60000

Updated device 'intel_backlight':
Device 'intel_backlight' of class 'backlight':
	Current brightness: 35400 (59%)
	Max brightness: 60000

Updated device 'intel_backlight':
Device 'intel_backlight' of class 'backlight':
	Current brightness: 36000 (60%)
	Max brightness: 60000

Updated device 'intel_backlight':
Device 'intel_backlight' of class 'backlight':
	Current brightness: 36000 (60%)
	Max brightness: 60000

Updated device 'intel_backlight':
Device 'intel_backlight' of class 'backlight':
	Current brightness: 36600 (61%)
	Max brightness: 60000

Updated device 'intel_backlight':
Device 'intel_backlight' of class 'backlight':
	Current brightness: 37200 (62%)
	Max brightness: 60000

Updated device 'intel_backlight':
Device 'intel_backlight' of class 'backlight':
	Current brightness: 37800 (63%)
	Max brightness: 60000

Updated device 'intel_backlight':
Device 'intel_backlight' of class 'backlight':
	Current brightness: 38400 (64%)
	Max brightness: 60000

Updated device 'intel_backlight':
Device 'intel_backlight' of class 'backlight':
	Current brightness: 39000 (65%)
	Max brightness: 60000

Updated device 'intel_backlight':
Device 'intel_backlight' of class 'backlight':
	Current brightness: 39600 (66%)
	Max brightness: 60000

Updated device 'intel_backlight':
Device 'intel_backlight' of class 'backlight':
	Current brightness: 40200 (67%)
	Max brightness: 60000

Updated device 'intel_backlight':
Device 'intel_backlight' of class 'backlight':
	Current brightness: 40800 (68%)
	Max brightness: 60000

Updated device 'intel_backlight':
Device 'intel_backlight' of class 'backlight':
	Current brightness: 41400 (69%)
	Max brightness: 60000

Updated device 'intel_backlight':
Device 'intel_backlight' of class 'backlight':
	Current brightness: 42000 (70%)
	Max brightness: 60000

Updated device 'intel_backlight':
Device 'intel_backlight' of class 'backlight':
	Current brightness: 42600 (71%)
	Max brightness: 60000

Updated device 'intel_backlight':
Device 'intel_backlight' of class 'backlight':
	Current brightness: 43200 (72%)
	Max brightness: 60000

Updated device 'intel_backlight':
Device 'intel_backlight' of class 'backlight':
	Current brightness: 43800 (73%)
	Max brightness: 60000

Updated device 'intel_backlight':
Device 'intel_backlight' of class 'backlight':
	Current brightness: 44400 (74%)
	Max brightness: 60000

Updated device 'intel_backlight':
Device 'intel_backlight' of class 'backlight':
	Current brightness: 45000 (75%)
	Max brightness: 60000

Updated device 'intel_backlight':
Device 'intel_backlight' of class 'backlight':
	Current brightness: 45600 (76%)
	Max brightness: 60000

Updated device 'intel_backlight':
Device 'intel_backlight' of class 'backlight':
	Current brightness: 46200 (77%)
	Max brightness: 60000

Updated device 'intel_backlight':
Device 'intel_backlight' of class 'backlight':
	Current brightness: 46800 (78%)
	Max brightness: 60000

Updated device 'intel_backlight':
Device 'intel_backlight' of class 'backlight':
	Current brightness: 46800 (78%)
	Max brightness: 60000

Updated device 'intel_backlight':
Device 'intel_backlight' of class 'backlight':
	Current brightness: 46800 (78%)
	Max brightness: 60000

Updated device 'intel_backlight':
Device 'intel_backlight' of class 'backlight':
	Current brightness: 47400 (79%)
	Max brightness: 60000

Updated device 'intel_backlight':
Device 'intel_backlight' of class 'backlight':
	Current brightness: 48000 (80%)
	Max brightness: 60000

Updated device 'intel_backlight':
Device 'intel_backlight' of class 'backlight':
	Current brightness: 48600 (81%)
	Max brightness: 60000

Updated device 'intel_backlight':
Device 'intel_backlight' of class 'backlight':
	Current brightness: 49200 (82%)
	Max brightness: 60000

Updated device 'intel_backlight':
Device 'intel_backlight' of class 'backlight':
	Current brightness: 49800 (83%)
	Max brightness: 60000

Updated device 'intel_backlight':
Device 'intel_backlight' of class 'backlight':
	Current brightness: 50400 (84%)
	Max brightness: 60000

Updated device 'intel_backlight':
Device 'intel_backlight' of class 'backlight':
	Current brightness: 51000 (85%)
	Max brightness: 60000

Updated device 'intel_backlight':
Device 'intel_backlight' of class 'backlight':
	Current brightness: 51600 (86%)
	Max brightness: 60000

Updated device 'intel_backlight':
Device 'intel_backlight' of class 'backlight':
	Current brightness: 52200 (87%)
	Max brightness: 60000

Updated device 'intel_backlight':
Device 'intel_backlight' of class 'backlight':
	Current brightness: 52800 (88%)
	Max brightness: 60000

Updated device 'intel_backlight':
Device 'intel_backlight' of class 'backlight':
	Current brightness: 53400 (89%)
	Max brightness: 60000

Updated device 'intel_backlight':
Device 'intel_backlight' of class 'backlight':
	Current brightness: 54000 (90%)
	Max brightness: 60000

Updated device 'intel_backlight':
Device 'intel_backlight' of class 'backlight':
	Current brightness: 54600 (91%)
	Max brightness: 60000

Updated device 'intel_backlight':
Device 'intel_backlight' of class 'backlight':
	Current brightness: 55200 (92%)
	Max brightness: 60000

Updated device 'intel_backlight':
Device 'intel_backlight' of class 'backlight':
	Current brightness: 55800 (93%)
	Max brightness: 60000

Updated device 'intel_backlight':
Device 'intel_backlight' of class 'backlight':
	Current brightness: 56400 (94%)
	Max brightness: 60000

Updated device 'intel_backlight':
Device 'intel_backlight' of class 'backlight':
	Current brightness: 57000 (95%)
	Max brightness: 60000

Updated device 'intel_backlight':
Device 'intel_backlight' of class 'backlight':
	Current brightness: 57600 (96%)
	Max brightness: 60000

Updated device 'intel_backlight':
Device 'intel_backlight' of class 'backlight':
	Current brightness: 57600 (96%)
	Max brightness: 60000

Updated device 'intel_backlight':
Device 'intel_backlight' of class 'backlight':
	Current brightness: 58200 (97%)
	Max brightness: 60000

Updated device 'intel_backlight':
Device 'intel_backlight' of class 'backlight':
	Current brightness: 58800 (98%)
	Max brightness: 60000

Updated device 'intel_backlight':
Device 'intel_backlight' of class 'backlight':
	Current brightness: 58800 (98%)
	Max brightness: 60000

Updated device 'intel_backlight':
Device 'intel_backlight' of class 'backlight':
	Current brightness: 59400 (99%)
	Max brightness: 60000

Updated device 'intel_backlight':
Device 'intel_backlight' of class 'backlight':
	Current brightness: 60000 (100%)
	Max brightness: 60000

Updated device 'intel_backlight':
Device 'intel_backlight' of class 'backlight':
	Current brightness: 60000 (100%)
	Max brightness: 60000

Updated device 'intel_backlight':
Device 'intel_backlight' of class 'backlight':
	Current brightness: 60000 (100%)
	Max brightness: 60000

Updated device 'intel_backlight':
Device 'intel_backlight' of class 'backlight':
	Current brightness: 60000 (100%)
	Max brightness: 60000

Updated device 'intel_backlight':
Device 'intel_backlight' of class 'backlight':
	Current brightness: 60000 (100%)
	Max brightness: 60000

Updated device 'intel_backlight':
Device 'intel_backlight' of class 'backlight':
	Current brightness: 60000 (100%)
	Max brightness: 60000

Updated device 'intel_backlight':
Device 'intel_backlight' of class 'backlight':
	Current brightness: 60000 (100%)
	Max brightness: 60000

Updated device 'intel_backlight':
Device 'intel_backlight' of class 'backlight':
	Current brightness: 60000 (100%)
	Max brightness: 60000

Updated device 'intel_backlight':
Device 'intel_backlight' of class 'backlight':
	Current brightness: 60000 (100%)
	Max brightness: 60000

Updated device 'intel_backlight':
Device 'intel_backlight' of class 'backlight':
	Current brightness: 60000 (100%)
	Max brightness: 60000

Updated device 'intel_backlight':
Device 'intel_backlight' of class 'backlight':
	Current brightness: 60000 (100%)
	Max brightness: 60000

Updated device 'intel_backlight':
Device 'intel_backlight' of class 'backlight':
	Current brightness: 60000 (100%)
	Max brightness: 60000

Updated device 'intel_backlight':
Device 'intel_backlight' of class 'backlight':
	Current brightness: 60000 (100%)
	Max brightness: 60000

Updated device 'intel_backlight':
Device 'intel_backlight' of class 'backlight':
	Current brightness: 60000 (100%)
	Max brightness: 60000

Updated device 'intel_backlight':
Device 'intel_backlight' of class 'backlight':
	Current brightness: 60000 (100%)
	Max brightness: 60000

Updated device 'intel_backlight':
Device 'intel_backlight' of class 'backlight':
	Current brightness: 60000 (100%)
	Max brightness: 60000

Updated device 'intel_backlight':
Device 'intel_backlight' of class 'backlight':
	Current brightness: 60000 (100%)
	Max brightness: 60000

Updated device 'intel_backlight':
Device 'intel_backlight' of class 'backlight':
	Current brightness: 60000 (100%)
	Max brightness: 60000

Updated device 'intel_backlight':
Device 'intel_backlight' of class 'backlight':
	Current brightness: 60000 (100%)
	Max brightness: 60000

Updated device 'intel_backlight':
Device 'intel_backlight' of class 'backlight':
	Current brightness: 60000 (100%)
	Max brightness: 60000

Updated device 'intel_backlight':
Device 'intel_backlight' of class 'backlight':
	Current brightness: 60000 (100%)
	Max brightness: 60000

Updated device 'intel_backlight':
Device 'intel_backlight' of class 'backlight':
	Current brightness: 60000 (100%)
	Max brightness: 60000

Updated device 'intel_backlight':
Device 'intel_backlight' of class 'backlight':
	Current brightness: 60000 (100%)
	Max brightness: 60000

Updated device 'intel_backlight':
Device 'intel_backlight' of class 'backlight':
	Current brightness: 60000 (100%)
	Max brightness: 60000

Updated device 'intel_backlight':
Device 'intel_backlight' of class 'backlight':
	Current brightness: 60000 (100%)
	Max brightness: 60000

Updated device 'intel_backlight':
Device 'intel_backlight' of class 'backlight':
	Current brightness: 60000 (100%)
	Max brightness: 60000

Updated device 'intel_backlight':
Device 'intel_backlight' of class 'backlight':
	Current brightness: 60000 (100%)
	Max brightness: 60000

Updated device 'intel_backlight':
Device 'intel_backlight' of class 'backlight':
	Current brightness: 60000 (100%)
	Max brightness: 60000

Updated device 'intel_backlight':
Device 'intel_backlight' of class 'backlight':
	Current brightness: 60000 (100%)
	Max brightness: 60000

Updated device 'intel_backlight':
Device 'intel_backlight' of class 'backlight':
	Current brightness: 60000 (100%)
	Max brightness: 60000

Updated device 'intel_backlight':
Device 'intel_backlight' of class 'backlight':
	Current brightness: 60000 (100%)
	Max brightness: 60000

Updated device 'intel_backlight':
Device 'intel_backlight' of class 'backlight':
	Current brightness: 60000 (100%)
	Max brightness: 60000

Updated device 'intel_backlight':
Device 'intel_backlight' of class 'backlight':
	Current brightness: 60000 (100%)
	Max brightness: 60000

Updated device 'intel_backlight':
Device 'intel_backlight' of class 'backlight':
	Current brightness: 60000 (100%)
	Max brightness: 60000

Updated device 'intel_backlight':
Device 'intel_backlight' of class 'backlight':
	Current brightness: 60000 (100%)
	Max brightness: 60000

Updated device 'intel_backlight':
Device 'intel_backlight' of class 'backlight':
	Current brightness: 60000 (100%)
	Max brightness: 60000

Updated device 'intel_backlight':
Device 'intel_backlight' of class 'backlight':
	Current brightness: 60000 (100%)
	Max brightness: 60000

[2022-12-04 15:14:56.040] [info] Using configuration file /home/younix/.config/waybar/config.jsonc
[2022-12-04 15:14:56.040] [info] Using CSS file /home/younix/.config/waybar/style.css
[2022-12-04 15:14:56.045] [warning] As using a timezone, some format args may be missing as the date library haven't got a release since 2018.
[2022-12-04 15:14:56.114] [info] Bar configured (width: 1920, height: 43) for output: eDP-1
[2022-12-04 15:15:23.091] [info] Using configuration file /home/younix/.config/waybar/config.jsonc
[2022-12-04 15:15:23.091] [info] Using CSS file /home/younix/.config/waybar/style.css
[2022-12-04 15:15:23.097] [warning] As using a timezone, some format args may be missing as the date library haven't got a release since 2018.
[2022-12-04 15:15:23.193] [info] Bar configured (width: 1920, height: 43) for output: eDP-1
2022-12-04 15:42:41 - [swaybg-1.1.1/main.c:340] Found config * for output eDP-1 (Chimei Innolux Corporation 0x14D5)
[2022-12-04 15:42:41.742] [info] Using configuration file /home/younix/.config/waybar/config.jsonc
[2022-12-04 15:42:41.743] [info] Using CSS file /home/younix/.config/waybar/style.css
[2022-12-04 15:42:41.744] [error] colors.css:1:0Expected a valid selector
2022-12-04 15:43:02 - [swaybg-1.1.1/main.c:340] Found config * for output eDP-1 (Chimei Innolux Corporation 0x14D5)
2022-12-04 15:44:33 - [swaybg-1.1.1/main.c:340] Found config * for output eDP-1 (Chimei Innolux Corporation 0x14D5)
2022-12-04 15:45:04 - [swaybg-1.1.1/main.c:340] Found config * for output eDP-1 (Chimei Innolux Corporation 0x14D5)
[2022-12-04 15:45:04.671] [info] Using configuration file /home/younix/.config/waybar/config.jsonc
[2022-12-04 15:45:04.671] [info] Using CSS file /home/younix/.config/waybar/style.css
[2022-12-04 15:45:04.671] [error] colors.css:1:0Expected a valid selector
2022-12-04 15:46:54 - [swaybg-1.1.1/main.c:340] Found config * for output eDP-1 (Chimei Innolux Corporation 0x14D5)
[2022-12-04 15:46:55.110] [info] Using configuration file /home/younix/.config/waybar/config.jsonc
[2022-12-04 15:46:55.110] [info] Using CSS file /home/younix/.config/waybar/style.css
[2022-12-04 15:46:55.111] [error] colors.css:1:1Invalid name of pseudo-class
2022-12-04 16:06:39 - [swaybg-1.1.1/main.c:340] Found config * for output eDP-1 (Chimei Innolux Corporation 0x14D5)
[2022-12-04 16:06:39.654] [info] Using configuration file /home/younix/.config/waybar/config.jsonc
[2022-12-04 16:06:39.654] [info] Using CSS file /home/younix/.config/waybar/style.css
[2022-12-04 16:06:39.654] [error] colors.css:1:1Invalid name of pseudo-class
2022-12-04 16:07:20 - [swaybg-1.1.1/main.c:340] Found config * for output eDP-1 (Chimei Innolux Corporation 0x14D5)
[2022-12-04 16:07:20.623] [info] Using configuration file /home/younix/.config/waybar/config.jsonc
[2022-12-04 16:07:20.624] [info] Using CSS file /home/younix/.config/waybar/style.css
[2022-12-04 16:07:20.632] [warning] As using a timezone, some format args may be missing as the date library haven't got a release since 2018.
[2022-12-04 16:07:20.716] [info] Bar configured (width: 1920, height: 43) for output: eDP-1
